<?xml version="1.0" encoding="UTF-8"?>
<!-- Generated by org.testng.reporters.JUnitReportReporter -->
<testsuite hostname="DESKTOP-DC3TDDU" failures="0" tests="1" name="TestCases.TC01_Test" time="263.982" errors="0" timestamp="2021-09-07T10:01:40 IST" skipped="0">
  <testcase classname="TestCases.TC01_Test" name="Test567" time="263.982"/>
  <system-out>
    <![CDATA[<table> <tr >  <img   style="border:1px solid black;"      src="C:\HTML Report\HtmlTemplates\Logo.JPEG"></tr><tr   ><center><font color="red"  size="15" >TC019_2021_Sep_07_9_57_15_am</font></center></tr><tr bgcolor="#9370DB"> <th width="100px"> <center><font color="white"  size="4" >Steps</font></center><font color="white"  size="4" ></font></center> </th> <th width="450px" ><center><font color="white"  size="4" >Details </font> </center></th> <th width="100px" ><center><font color="white"  size="4" >Status</font></center></th>  <th  width="250px"  ><center><font color="white"  size="4" >Screen Shots</font></center></th> <th width="250px"  ><center><font color="white"  size="4" >Date & Time</font></center></th>  </tr>       
 <tr bgcolor="#eee"> <th width="100px"> <center>Step&nbsp;1</center> </th> <th width="450px" ><center><b><font color='black'>   Login Page - Orange HRM Login Page</b> </font></center></th> <th width="100px" ><center><img src='file:///C:\HTML Report\HtmlTemplates\passed.ico'    +     "width="30" + height="30"></img></center></th>  <th  width="250px"  ><center><a href=C:/HTML Report/test-output/TempScreenShots/TC019_2021_Sep_07_9_57_15_am_2021_Sep_07_9_57_18_476_am/07_Sep_2021 9_58_44_929 am.png target="popup" onclick="window.open('C:/HTML Report/test-output/TempScreenShots/TC019_2021_Sep_07_9_57_15_am_2021_Sep_07_9_57_18_476_am/07_Sep_2021 9_58_44_929 am.png','popup','width=600,height=600'); return false;"> ScreenShot</a> </center></th> <th width="250px"  ><center>2021_Sep_07_9_58_45_619_am</center></th>  </tr>      
 <tr bgcolor="#ddd"> <th width="100px"> <center>Step&nbsp;2</center> </th> <th width="450px" ><center><b><font color='black'>   Login Page - credentials</b> </font></center></th> <th width="100px" ><center><img src='file:///C:\HTML Report\HtmlTemplates\passed.ico'    +     "width="30" + height="30"></img></center></th>  <th  width="250px"  ><center><a href=C:/HTML Report/test-output/TempScreenShots/TC019_2021_Sep_07_9_57_15_am_2021_Sep_07_9_57_18_476_am/07_Sep_2021 9_58_45_886 am.png target="popup" onclick="window.open('C:/HTML Report/test-output/TempScreenShots/TC019_2021_Sep_07_9_57_15_am_2021_Sep_07_9_57_18_476_am/07_Sep_2021 9_58_45_886 am.png','popup','width=600,height=600'); return false;"> ScreenShot</a> </center></th> <th width="250px"  ><center>2021_Sep_07_9_58_46_162_am</center></th>  </tr>      
 <tr bgcolor="#eee"> <th width="100px"> <center>Step&nbsp;3</center> </th> <th width="450px" ><center><b><font color='black'>   Nationality Page - Nationality Entered</b> </font></center></th> <th width="100px" ><center><img src='file:///C:\HTML Report\HtmlTemplates\passed.ico'    +     "width="30" + height="30"></img></center></th>  <th  width="250px"  ><center><a href=C:/HTML Report/test-output/TempScreenShots/TC019_2021_Sep_07_9_57_15_am_2021_Sep_07_9_57_18_476_am/07_Sep_2021 9_59_42_761 am.png target="popup" onclick="window.open('C:/HTML Report/test-output/TempScreenShots/TC019_2021_Sep_07_9_57_15_am_2021_Sep_07_9_57_18_476_am/07_Sep_2021 9_59_42_761 am.png','popup','width=600,height=600'); return false;"> ScreenShot</a> </center></th> <th width="250px"  ><center>2021_Sep_07_9_59_43_015_am</center></th>  </tr>      
 <tr bgcolor="#ddd"> <th width="100px"> <center>Step&nbsp;4</center> </th> <th width="450px" ><center><b><font color='black'>   Nationality Page - Nationality Entered</b> </font></center></th> <th width="100px" ><center><img src='file:///C:\HTML Report\HtmlTemplates\passed.ico'    +     "width="30" + height="30"></img></center></th>  <th  width="250px"  ><center><a href=C:/HTML Report/test-output/TempScreenShots/TC019_2021_Sep_07_9_57_15_am_2021_Sep_07_9_57_18_476_am/07_Sep_2021 9_59_43_015 am.png target="popup" onclick="window.open('C:/HTML Report/test-output/TempScreenShots/TC019_2021_Sep_07_9_57_15_am_2021_Sep_07_9_57_18_476_am/07_Sep_2021 9_59_43_015 am.png','popup','width=600,height=600'); return false;"> ScreenShot</a> </center></th> <th width="250px"  ><center>2021_Sep_07_9_59_43_204_am</center></th>  </tr>      
 <tr bgcolor="#eee"> <th width="100px"> <center>Step&nbsp;5</center> </th> <th width="450px" ><center><b><font color='black'>   Nationality Page - Scroll and verify the record details</b> </font></center></th> <th width="100px" ><center><img src='file:///C:\HTML Report\HtmlTemplates\passed.ico'    +     "width="30" + height="30"></img></center></th>  <th  width="250px"  ><center><a href=C:/HTML Report/test-output/TempScreenShots/TC019_2021_Sep_07_9_57_15_am_2021_Sep_07_9_57_18_476_am/07_Sep_2021 9_59_43_405 am.png target="popup" onclick="window.open('C:/HTML Report/test-output/TempScreenShots/TC019_2021_Sep_07_9_57_15_am_2021_Sep_07_9_57_18_476_am/07_Sep_2021 9_59_43_405 am.png','popup','width=600,height=600'); return false;"> ScreenShot</a> </center></th> <th width="250px"  ><center>2021_Sep_07_9_59_43_590_am</center></th>  </tr>      
 <tr bgcolor="#ddd"> <th width="100px"> <center>Step&nbsp;6</center> </th> <th width="450px" ><center><b><font color='black'>   HomePage - Logout</b> </font></center></th> <th width="100px" ><center><img src='file:///C:\HTML Report\HtmlTemplates\passed.ico'    +     "width="30" + height="30"></img></center></th>  <th  width="250px"  ><center><a href=C:/HTML Report/test-output/TempScreenShots/TC019_2021_Sep_07_9_57_15_am_2021_Sep_07_9_57_18_476_am/07_Sep_2021 9_59_43_887 am.png target="popup" onclick="window.open('C:/HTML Report/test-output/TempScreenShots/TC019_2021_Sep_07_9_57_15_am_2021_Sep_07_9_57_18_476_am/07_Sep_2021 9_59_43_887 am.png','popup','width=600,height=600'); return false;"> ScreenShot</a> </center></th> <th width="250px"  ><center>2021_Sep_07_9_59_44_156_am</center></th>  </tr>      
 <tr bgcolor="#eee"> <th width="100px"> <center>Step&nbsp;7</center> </th> <th width="450px" ><center><b><font color='black'>   Login - after Logout</b> </font></center></th> <th width="100px" ><center><img src='file:///C:\HTML Report\HtmlTemplates\passed.ico'    +     "width="30" + height="30"></img></center></th>  <th  width="250px"  ><center><a href=C:/HTML Report/test-output/TempScreenShots/TC019_2021_Sep_07_9_57_15_am_2021_Sep_07_9_57_18_476_am/07_Sep_2021 9_59_45_957 am.png target="popup" onclick="window.open('C:/HTML Report/test-output/TempScreenShots/TC019_2021_Sep_07_9_57_15_am_2021_Sep_07_9_57_18_476_am/07_Sep_2021 9_59_45_957 am.png','popup','width=600,height=600'); return false;"> ScreenShot</a> </center></th> <th width="250px"  ><center>2021_Sep_07_9_59_46_211_am</center></th>  </tr>      ]]>
  </system-out>
</testsuite> <!-- TestCases.TC01_Test -->
