<?xml version="1.0" encoding="UTF-8"?>
<!-- Generated by org.testng.reporters.JUnitReportReporter -->
<testsuite skipped="0" hostname="DESKTOP-JDGVO00" name="Day_001_Demo.TC01_Login" tests="1" failures="0" timestamp="2021-03-15T08:59:45 IST" time="26.632" errors="0">
  <testcase name="login_test" time="26.632" classname="Day_001_Demo.TC01_Login"/>
  <system-out/>
</testsuite> <!-- Day_001_Demo.TC01_Login -->
