<?xml version="1.0" encoding="UTF-8"?>
<!-- Generated by org.testng.reporters.JUnitReportReporter -->
<testsuite hostname="DESKTOP-VL2N6EH" failures="0" tests="1" name="Reporter_Example_Word.TC01_Test" time="31.980" errors="0" timestamp="2020-06-08T20:15:32 IST" skipped="0">
  <testcase classname="Reporter_Example_Word.TC01_Test" name="Test1" time="31.980"/>
</testsuite> <!-- Reporter_Example_Word.TC01_Test -->
