<?xml version="1.0" encoding="UTF-8"?>
<!-- Generated by org.testng.reporters.JUnitReportReporter -->
<testsuite skipped="0" hostname="DESKTOP-JDGVO00" name="TestCases.Test4" tests="1" failures="0" timestamp="2021-03-02T13:09:27 IST" time="9.415" errors="0">
  <testcase name="AddNationalitiess" time="9.415" classname="TestCases.Test4"/>
  <system-out/>
</testsuite> <!-- TestCases.Test4 -->
