<?xml version="1.0" encoding="UTF-8"?>
<!-- Generated by org.testng.reporters.JUnitReportReporter -->
<testsuite hostname="DESKTOP-VL2N6EH" failures="0" tests="1" name="TestCases.TC01_Skills" time="56.092" errors="0" timestamp="2020-10-28T11:34:56 IST" skipped="0">
  <testcase classname="TestCases.TC01_Skills" name="Test567" time="56.092"/>
</testsuite> <!-- TestCases.TC01_Skills -->
