<?xml version="1.0" encoding="UTF-8"?>
<!-- Generated by org.testng.reporters.JUnitReportReporter -->
<testsuite hostname="DESKTOP-VL2N6EH" failures="0" tests="1" name="TestCases.TC01_Add_Language" time="33.389" errors="0" timestamp="2020-11-07T18:49:52 IST" skipped="0">
  <testcase classname="TestCases.TC01_Add_Language" name="Test1" time="33.389"/>
</testsuite> <!-- TestCases.TC01_Add_Language -->
