<?xml version="1.0" encoding="UTF-8"?>
<!-- Generated by org.testng.reporters.JUnitReportReporter -->
<testsuite skipped="1" hostname="DESKTOP-JDGVO00" name="TestCases.TC01_Add_Education" tests="1" failures="0" timestamp="2021-03-13T12:58:23 IST" time="0.000" errors="0">
  <testcase name="Test1" time="0.000" classname="TestCases.TC01_Add_Education">
    <skipped/>
  </testcase> <!-- Test1 -->
  <system-out/>
</testsuite> <!-- TestCases.TC01_Add_Education -->
