<?xml version="1.0" encoding="UTF-8"?>
<!-- Generated by org.testng.reporters.JUnitReportReporter -->
<testsuite skipped="0" hostname="DESKTOP-JDGVO00" name="TestCases.TC01_Add_Nationality" tests="1" failures="0" timestamp="2021-03-24T08:36:24 IST" time="20.152" errors="0">
  <testcase name="Test1" time="20.152" classname="TestCases.TC01_Add_Nationality"/>
  <system-out>
<table> <tr >  <img   style="border:1px solid black;"      src="C:\HTML Report\HtmlTemplates\Logo.JPEG"></tr><tr   ><center><font color="red"  size="15" >TC01_Add_Nationality_2021_Mar_24_8_36_04_AM</font></center></tr><tr bgcolor="#9370DB"> <th width="100px"> <center><font color="white"  size="4" >Steps</font></center><font color="white"  size="4" ></font></center> </th> <th width="450px" ><center><font color="white"  size="4" >Details </font> </center></th> <th width="100px" ><center><font color="white"  size="4" >Status</font></center></th>  <th  width="250px"  ><center><font color="white"  size="4" >Screen Shots</font></center></th> <th width="250px"  ><center><font color="white"  size="4" >Date & Time</font></center></th> 	 </tr>         <tr bgcolor="#eee"> <th width="100px"> <center>Step&nbsp;1</center> </th> <th width="450px" ><center><b><font color='black'>   Login Page - Orange HRM Login Page</b> </font></center></th> <th width="100px" ><center><img src='file:///C:\HTML Report\HtmlTemplates\passed.ico'    +     "width="30" + height="30"></img></center></th>  <th  width="250px"  ><center><a href=C:/HTML Report/test-output/TempScreenShots/TC01_Add_Nationality_2021_Mar_24_8_36_04_AM_2021_Mar_24_8_36_04_693_AM/24_Mar_2021 8_36_10_212 AM.png target="popup" onclick="window.open('C:/HTML Report/test-output/TempScreenShots/TC01_Add_Nationality_2021_Mar_24_8_36_04_AM_2021_Mar_24_8_36_04_693_AM/24_Mar_2021 8_36_10_212 AM.png','popup','width=600,height=600'); return false;"> ScreenShot</a> </center></th> <th width="250px"  ><center>2021_Mar_24_8_36_10_673_AM</center></th> 	 </tr>        <tr bgcolor="#ddd"> <th width="100px"> <center>Step&nbsp;2</center> </th> <th width="450px" ><center><b><font color='black'>   Login Page - credentials</b> </font></center></th> <th width="100px" ><center><img src='file:///C:\HTML Report\HtmlTemplates\passed.ico'    +     "width="30" + height="30"></img></center></th>  <th  width="250px"  ><center><a href=C:/HTML Report/test-output/TempScreenShots/TC01_Add_Nationality_2021_Mar_24_8_36_04_AM_2021_Mar_24_8_36_04_693_AM/24_Mar_2021 8_36_10_929 AM.png target="popup" onclick="window.open('C:/HTML Report/test-output/TempScreenShots/TC01_Add_Nationality_2021_Mar_24_8_36_04_AM_2021_Mar_24_8_36_04_693_AM/24_Mar_2021 8_36_10_929 AM.png','popup','width=600,height=600'); return false;"> ScreenShot</a> </center></th> <th width="250px"  ><center>2021_Mar_24_8_36_11_243_AM</center></th> 	 </tr>        <tr bgcolor="#eee"> <th width="100px"> <center>Step&nbsp;3</center> </th> <th width="450px" ><center><b><font color='black'>   Nationality Page - Nationality Entered</b> </font></center></th> <th width="100px" ><center><img src='file:///C:\HTML Report\HtmlTemplates\passed.ico'    +     "width="30" + height="30"></img></center></th>  <th  width="250px"  ><center><a href=C:/HTML Report/test-output/TempScreenShots/TC01_Add_Nationality_2021_Mar_24_8_36_04_AM_2021_Mar_24_8_36_04_693_AM/24_Mar_2021 8_36_17_969 AM.png target="popup" onclick="window.open('C:/HTML Report/test-output/TempScreenShots/TC01_Add_Nationality_2021_Mar_24_8_36_04_AM_2021_Mar_24_8_36_04_693_AM/24_Mar_2021 8_36_17_969 AM.png','popup','width=600,height=600'); return false;"> ScreenShot</a> </center></th> <th width="250px"  ><center>2021_Mar_24_8_36_18_335_AM</center></th> 	 </tr>        <tr bgcolor="#ddd"> <th width="100px"> <center>Step&nbsp;4</center> </th> <th width="450px" ><center><b><font color='black'>   Nationality Page - Nationality Entered</b> </font></center></th> <th width="100px" ><center><img src='file:///C:\HTML Report\HtmlTemplates\passed.ico'    +     "width="30" + height="30"></img></center></th>  <th  width="250px"  ><center><a href=C:/HTML Report/test-output/TempScreenShots/TC01_Add_Nationality_2021_Mar_24_8_36_04_AM_2021_Mar_24_8_36_04_693_AM/24_Mar_2021 8_36_18_335 AM.png target="popup" onclick="window.open('C:/HTML Report/test-output/TempScreenShots/TC01_Add_Nationality_2021_Mar_24_8_36_04_AM_2021_Mar_24_8_36_04_693_AM/24_Mar_2021 8_36_18_335 AM.png','popup','width=600,height=600'); return false;"> ScreenShot</a> </center></th> <th width="250px"  ><center>2021_Mar_24_8_36_18_726_AM</center></th> 	 </tr>        <tr bgcolor="#eee"> <th width="100px"> <center>Step&nbsp;5</center> </th> <th width="450px" ><center><b><font color='black'>   Nationality Page - Scroll and verify the record details</b> </font></center></th> <th width="100px" ><center><img src='file:///C:\HTML Report\HtmlTemplates\passed.ico'    +     "width="30" + height="30"></img></center></th>  <th  width="250px"  ><center><a href=C:/HTML Report/test-output/TempScreenShots/TC01_Add_Nationality_2021_Mar_24_8_36_04_AM_2021_Mar_24_8_36_04_693_AM/24_Mar_2021 8_36_20_087 AM.png target="popup" onclick="window.open('C:/HTML Report/test-output/TempScreenShots/TC01_Add_Nationality_2021_Mar_24_8_36_04_AM_2021_Mar_24_8_36_04_693_AM/24_Mar_2021 8_36_20_087 AM.png','popup','width=600,height=600'); return false;"> ScreenShot</a> </center></th> <th width="250px"  ><center>2021_Mar_24_8_36_20_431_AM</center></th> 	 </tr>        <tr bgcolor="#ddd"> <th width="100px"> <center>Step&nbsp;6</center> </th> <th width="450px" ><center><b><font color='black'>   HomePage - Logout</b> </font></center></th> <th width="100px" ><center><img src='file:///C:\HTML Report\HtmlTemplates\passed.ico'    +     "width="30" + height="30"></img></center></th>  <th  width="250px"  ><center><a href=C:/HTML Report/test-output/TempScreenShots/TC01_Add_Nationality_2021_Mar_24_8_36_04_AM_2021_Mar_24_8_36_04_693_AM/24_Mar_2021 8_36_20_699 AM.png target="popup" onclick="window.open('C:/HTML Report/test-output/TempScreenShots/TC01_Add_Nationality_2021_Mar_24_8_36_04_AM_2021_Mar_24_8_36_04_693_AM/24_Mar_2021 8_36_20_699 AM.png','popup','width=600,height=600'); return false;"> ScreenShot</a> </center></th> <th width="250px"  ><center>2021_Mar_24_8_36_21_082_AM</center></th> 	 </tr>        <tr bgcolor="#eee"> <th width="100px"> <center>Step&nbsp;7</center> </th> <th width="450px" ><center><b><font color='black'>   HomePage - after Logout</b> </font></center></th> <th width="100px" ><center><img src='file:///C:\HTML Report\HtmlTemplates\passed.ico'    +     "width="30" + height="30"></img></center></th>  <th  width="250px"  ><center><a href=C:/HTML Report/test-output/TempScreenShots/TC01_Add_Nationality_2021_Mar_24_8_36_04_AM_2021_Mar_24_8_36_04_693_AM/24_Mar_2021 8_36_22_090 AM.png target="popup" onclick="window.open('C:/HTML Report/test-output/TempScreenShots/TC01_Add_Nationality_2021_Mar_24_8_36_04_AM_2021_Mar_24_8_36_04_693_AM/24_Mar_2021 8_36_22_090 AM.png','popup','width=600,height=600'); return false;"> ScreenShot</a> </center></th> <th width="250px"  ><center>2021_Mar_24_8_36_22_478_AM</center></th> 	 </tr>        </system-out>
</testsuite> <!-- TestCases.TC01_Add_Nationality -->
