<?xml version="1.0" encoding="UTF-8"?>
<!-- Generated by org.testng.reporters.JUnitReportReporter -->
<testsuite hostname="DESKTOP-VL2N6EH" failures="0" tests="1" name="TestCases.TC01_Add_Locations" time="202.327" errors="0" timestamp="2020-11-07T18:10:20 IST" skipped="0">
  <testcase classname="TestCases.TC01_Add_Locations" name="Test1" time="202.327"/>
</testsuite> <!-- TestCases.TC01_Add_Locations -->
